<acceptance-test-run title="Looking up the definition of &apos;pear&apos;" name="Looking up the definition of &apos;pear&apos;" steps="3" successful="0" failures="0" errors="1" skipped="2" ignored="0" pending="0" annotated-result="ERROR" result="ERROR" duration="4404" timestamp="2016-11-04T15:39:24.683+02:00">
  <user-story id="LookupADefinition" name="Lookup a definition" path="epam/stories/consult_dictionary/LookupADefinition.story"/>
  <tags>
    <tag name="Lookup a definition" type="story"/>
  </tags>
  <test-group name="Given the user is on the Wikionary home page" result="ERROR">
    <test-step result="ERROR" duration="4346">
      <description>Is the home page</description>
      <error>net.thucydides.core.webdriver.UnsupportedDriverException: Could not instantiate class org.openqa.selenium.firefox.FirefoxDriver</error>
      <exception>net.thucydides.core.webdriver.UnsupportedDriverException:Could not instantiate class org.openqa.selenium.firefox.FirefoxDriver&#xd;
[epam.steps.EndUserSteps.is_the_home_page(EndUserSteps.java:34), epam.jbehave.DefinitionSteps.givenTheUserIsOnTheWikionaryHomePage(DefinitionSteps.java:17)]</exception>
    </test-step>
  </test-group>
  <test-step result="SKIPPED" duration="5">
    <description>When the user looks up the definition of the word &apos;pear&apos;</description>
  </test-step>
  <test-step result="SKIPPED" duration="0">
    <description>Then they should see the definition &apos;An edible fruit produced by the pear tree, similar to an apple but elongated towards the stem.&apos;</description>
  </test-step>
</acceptance-test-run>